<?xml version="1.0" encoding="UTF-8"?>
<testng-results skipped="0" failed="0" ignored="0" total="0" passed="0">
  <reporter-output>
  </reporter-output>
  <suite name="Flipkart Test Suite v9" duration-ms="6" started-at="2023-02-19T04:25:57Z" finished-at="2023-02-19T04:25:57Z">
    <groups>
    </groups>
    <test name="Flipkart App Sanity Test" duration-ms="6" started-at="2023-02-19T04:25:57Z" finished-at="2023-02-19T04:25:57Z">
    </test> <!-- Banking App Sanity Test -->
  </suite> <!-- InetBanking Test Suite v9 -->
</testng-results>
